{"type":"server-started","port":54524,"host":"127.0.0.1","url_host":"localhost","url":"http://localhost:54524","screen_dir":"/Users/tigerhuang/cofeplus/.superpowers/brainstorm/46267-1773296493"}
{"type":"screen-added","file":"/Users/tigerhuang/cofeplus/.superpowers/brainstorm/46267-1773296493/reorder-trigger.html"}
{"source":"user-event","type":"click","text":"A\n    \n      拖拽手柄（常驻显示）\n      每个分类左侧始终显示一个 ⠿ 拖拽手柄，用户随时可以拖动调整顺序。无需进入特殊模式。\n      \n        优点操作直觉，零学习成本随时可用，无需额外步骤\n        缺点手柄常驻占用空间可能误触","choice":"a","id":null,"timestamp":1773296941657}
{"source":"user-event","type":"click","text":"B\n    \n      编辑模式切换\n      分类列表顶部增加「编辑排序」按钮，点击后进入排序模式：显示拖拽手柄，隐藏商品数量。再次点击退出。\n      \n        优点界面更干净，日常不受干扰明确的模式切换，不会误触\n        缺点多一步操作需要发现入口","choice":"b","id":null,"timestamp":1773296968447}
{"source":"user-event","type":"click","text":"C\n    \n      上下箭头按钮\n      进入编辑模式后，每个分类右侧显示 ↑↓ 按钮，点击逐步移动位置。不使用拖拽。\n      \n        优点精确控制，适合少量分类移动端友好，无需拖拽\n        缺点大量分类时效率低交互感较弱","choice":"c","id":null,"timestamp":1773296969497}
{"source":"user-event","type":"click","text":"C\n    \n      上下箭头按钮\n      进入编辑模式后，每个分类右侧显示 ↑↓ 按钮，点击逐步移动位置。不使用拖拽。\n      \n        优点精确控制，适合少量分类移动端友好，无需拖拽\n        缺点大量分类时效率低交互感较弱","choice":"c","id":null,"timestamp":1773296970009}
{"source":"user-event","type":"click","text":"B\n    \n      编辑模式切换\n      分类列表顶部增加「编辑排序」按钮，点击后进入排序模式：显示拖拽手柄，隐藏商品数量。再次点击退出。\n      \n        优点界面更干净，日常不受干扰明确的模式切换，不会误触\n        缺点多一步操作需要发现入口","choice":"b","id":null,"timestamp":1773296970844}
{"source":"user-event","type":"click","text":"A\n    \n      拖拽手柄（常驻显示）\n      每个分类左侧始终显示一个 ⠿ 拖拽手柄，用户随时可以拖动调整顺序。无需进入特殊模式。\n      \n        优点操作直觉，零学习成本随时可用，无需额外步骤\n        缺点手柄常驻占用空间可能误触","choice":"a","id":null,"timestamp":1773296971528}
{"source":"user-event","type":"click","text":"B\n    \n      编辑模式切换\n      分类列表顶部增加「编辑排序」按钮，点击后进入排序模式：显示拖拽手柄，隐藏商品数量。再次点击退出。\n      \n        优点界面更干净，日常不受干扰明确的模式切换，不会误触\n        缺点多一步操作需要发现入口","choice":"b","id":null,"timestamp":1773296972693}
{"source":"user-event","type":"click","text":"A\n    \n      拖拽手柄（常驻显示）\n      每个分类左侧始终显示一个 ⠿ 拖拽手柄，用户随时可以拖动调整顺序。无需进入特殊模式。\n      \n        优点操作直觉，零学习成本随时可用，无需额外步骤\n        缺点手柄常驻占用空间可能误触","choice":"a","id":null,"timestamp":1773296973427}
{"source":"user-event","type":"click","text":"B\n    \n      编辑模式切换\n      分类列表顶部增加「编辑排序」按钮，点击后进入排序模式：显示拖拽手柄，隐藏商品数量。再次点击退出。\n      \n        优点界面更干净，日常不受干扰明确的模式切换，不会误触\n        缺点多一步操作需要发现入口","choice":"b","id":null,"timestamp":1773296979277}
{"source":"user-event","type":"click","text":"A\n    \n      拖拽手柄（常驻显示）\n      每个分类左侧始终显示一个 ⠿ 拖拽手柄，用户随时可以拖动调整顺序。无需进入特殊模式。\n      \n        优点操作直觉，零学习成本随时可用，无需额外步骤\n        缺点手柄常驻占用空间可能误触","choice":"a","id":null,"timestamp":1773296980145}
{"source":"user-event","type":"click","text":"C\n    \n      上下箭头按钮\n      进入编辑模式后，每个分类右侧显示 ↑↓ 按钮，点击逐步移动位置。不使用拖拽。\n      \n        优点精确控制，适合少量分类移动端友好，无需拖拽\n        缺点大量分类时效率低交互感较弱","choice":"c","id":null,"timestamp":1773296981012}
{"source":"user-event","type":"click","text":"A\n    \n      拖拽手柄（常驻显示）\n      每个分类左侧始终显示一个 ⠿ 拖拽手柄，用户随时可以拖动调整顺序。无需进入特殊模式。\n      \n        优点操作直觉，零学习成本随时可用，无需额外步骤\n        缺点手柄常驻占用空间可能误触","choice":"a","id":null,"timestamp":1773296981777}
{"source":"user-event","type":"click","text":"A\n    \n      拖拽手柄（常驻显示）\n      每个分类左侧始终显示一个 ⠿ 拖拽手柄，用户随时可以拖动调整顺序。无需进入特殊模式。\n      \n        优点操作直觉，零学习成本随时可用，无需额外步骤\n        缺点手柄常驻占用空间可能误触","choice":"a","id":null,"timestamp":1773297161427}
{"source":"user-event","type":"click","text":"B\n    \n      编辑模式切换\n      分类列表顶部增加「编辑排序」按钮，点击后进入排序模式：显示拖拽手柄，隐藏商品数量。再次点击退出。\n      \n        优点界面更干净，日常不受干扰明确的模式切换，不会误触\n        缺点多一步操作需要发现入口","choice":"b","id":null,"timestamp":1773297162007}
{"source":"user-event","type":"click","text":"C\n    \n      上下箭头按钮\n      进入编辑模式后，每个分类右侧显示 ↑↓ 按钮，点击逐步移动位置。不使用拖拽。\n      \n        优点精确控制，适合少量分类移动端友好，无需拖拽\n        缺点大量分类时效率低交互感较弱","choice":"c","id":null,"timestamp":1773297162574}
{"source":"user-event","type":"click","text":"B\n    \n      编辑模式切换\n      分类列表顶部增加「编辑排序」按钮，点击后进入排序模式：显示拖拽手柄，隐藏商品数量。再次点击退出。\n      \n        优点界面更干净，日常不受干扰明确的模式切换，不会误触\n        缺点多一步操作需要发现入口","choice":"b","id":null,"timestamp":1773297163074}
{"source":"user-event","type":"click","text":"B\n    \n      编辑模式切换\n      分类列表顶部增加「编辑排序」按钮，点击后进入排序模式：显示拖拽手柄，隐藏商品数量。再次点击退出。\n      \n        优点界面更干净，日常不受干扰明确的模式切换，不会误触\n        缺点多一步操作需要发现入口","choice":"b","id":null,"timestamp":1773297163758}
{"source":"user-event","type":"click","text":"A\n    \n      拖拽手柄（常驻显示）\n      每个分类左侧始终显示一个 ⠿ 拖拽手柄，用户随时可以拖动调整顺序。无需进入特殊模式。\n      \n        优点操作直觉，零学习成本随时可用，无需额外步骤\n        缺点手柄常驻占用空间可能误触","choice":"a","id":null,"timestamp":1773297164275}
{"source":"user-event","type":"click","text":"C\n    \n      上下箭头按钮\n      进入编辑模式后，每个分类右侧显示 ↑↓ 按钮，点击逐步移动位置。不使用拖拽。\n      \n        优点精确控制，适合少量分类移动端友好，无需拖拽\n        缺点大量分类时效率低交互感较弱","choice":"c","id":null,"timestamp":1773297166227}
{"source":"user-event","type":"click","text":"A\n    \n      拖拽手柄（常驻显示）\n      每个分类左侧始终显示一个 ⠿ 拖拽手柄，用户随时可以拖动调整顺序。无需进入特殊模式。\n      \n        优点操作直觉，零学习成本随时可用，无需额外步骤\n        缺点手柄常驻占用空间可能误触","choice":"a","id":null,"timestamp":1773297168613}
{"type":"screen-added","file":"/Users/tigerhuang/cofeplus/.superpowers/brainstorm/46267-1773296493/drag-feedback.html"}
{"source":"user-event","type":"click","text":"A\n    \n      简单半透明 + 占位符\n      被拖动的分类变为半透明（opacity: 0.6），原位置显示虚线占位框，其他分类实时上下移动让位。\n      \n        \n          拖拽起始位置（虚线占位）\n        \n        \n          ⠿ ☕ 美式咖啡 5","choice":"a","id":null,"timestamp":1773297547426}
{"type":"screen-added","file":"/Users/tigerhuang/cofeplus/.superpowers/brainstorm/46267-1773296493/waiting.html"}
{"type":"screen-added","file":"/Users/tigerhuang/cofeplus/.superpowers/brainstorm/46267-1773296493/full-design.html"}
